                QUERY PLAN                 
-------------------------------------------
 [                                        +
   {                                      +
     "Plan": {                            +
       "Node Type": "Limit",              +
       "Parallel Aware": false,           +
       "Async Capable": false,            +
       "Startup Cost": 0.00,              +
       "Total Cost": 267.40,              +
       "Plan Rows": 10000,                +
       "Plan Width": 131,                 +
       "Actual Startup Time": 0.022,      +
       "Actual Total Time": 37.601,       +
       "Actual Rows": 10000,              +
       "Actual Loops": 1,                 +
       "Shared Hit Blocks": 1,            +
       "Shared Read Blocks": 166,         +
       "Shared Dirtied Blocks": 0,        +
       "Shared Written Blocks": 0,        +
       "Local Hit Blocks": 0,             +
       "Local Read Blocks": 0,            +
       "Local Dirtied Blocks": 0,         +
       "Local Written Blocks": 0,         +
       "Temp Read Blocks": 0,             +
       "Temp Written Blocks": 0,          +
       "Plans": [                         +
         {                                +
           "Node Type": "Seq Scan",       +
           "Parent Relationship": "Outer",+
           "Parallel Aware": false,       +
           "Async Capable": false,        +
           "Relation Name": "properties", +
           "Alias": "properties",         +
           "Startup Cost": 0.00,          +
           "Total Cost": 1337.00,         +
           "Plan Rows": 50000,            +
           "Plan Width": 131,             +
           "Actual Startup Time": 0.019,  +
           "Actual Total Time": 34.844,   +
           "Actual Rows": 10000,          +
           "Actual Loops": 1,             +
           "Shared Hit Blocks": 1,        +
           "Shared Read Blocks": 166,     +
           "Shared Dirtied Blocks": 0,    +
           "Shared Written Blocks": 0,    +
           "Local Hit Blocks": 0,         +
           "Local Read Blocks": 0,        +
           "Local Dirtied Blocks": 0,     +
           "Local Written Blocks": 0,     +
           "Temp Read Blocks": 0,         +
           "Temp Written Blocks": 0       +
         }                                +
       ]                                  +
     },                                   +
     "Planning": {                        +
       "Shared Hit Blocks": 219,          +
       "Shared Read Blocks": 0,           +
       "Shared Dirtied Blocks": 0,        +
       "Shared Written Blocks": 0,        +
       "Local Hit Blocks": 0,             +
       "Local Read Blocks": 0,            +
       "Local Dirtied Blocks": 0,         +
       "Local Written Blocks": 0,         +
       "Temp Read Blocks": 0,             +
       "Temp Written Blocks": 0           +
     },                                   +
     "Planning Time": 4.887,              +
     "Triggers": [                        +
     ],                                   +
     "Execution Time": 38.712             +
   }                                      +
 ]
(1 row)

